C51 COMPILER V9.59.0.0   DELAY                                                             05/13/2022 15:21:05 PAGE 1   


C51 COMPILER V9.59.0.0, COMPILATION OF MODULE DELAY
OBJECT MODULE PLACED IN .\Objects\delay.obj
COMPILER INVOKED BY: C:\Keil_v5\C51\BIN\C51.EXE delay.c LARGE OPTIMIZE(8,SPEED) BROWSE DEBUG OBJECTEXTEND PRINT(.\Listin
                    -gs\delay.lst) OBJECT(.\Objects\delay.obj)

line level    source

   1          /* 延时函数，由STC-ISP软件生成
   2             Dealy Functions. Generated by STC-ISP Software*/
   3          
   4          #include "delay.h"
   5          
   6          //void Delay500us() //@27.000MHz
   7          //{
   8          //    unsigned char i, j;
   9          
  10          //    _nop_();
  11          //    _nop_();
  12          //    i = 18;
  13          //    j = 133;
  14          
  15          //    do
  16          //    {
  17          //        while (--j)
  18          //            ;
  19          //    } while (--i);
  20          //}
  21          
  22          void Delay5ms() //@27.000MHz
  23          {
  24   1          unsigned char i, j;
  25   1      
  26   1          _nop_();
  27   1          i = 176;
  28   1          j = 80;
  29   1      
  30   1          do
  31   1          {
  32   2              while (--j)
  33   2                  ;
  34   2          } while (--i);
  35   1      }
  36          
  37          void Delay50ms() //@27.000MHz
  38          {
  39   1          unsigned char i, j, k;
  40   1      
  41   1          _nop_();
  42   1          i = 7;
  43   1          j = 218;
  44   1          k = 55;
  45   1      
  46   1          do
  47   1          {
  48   2              do
  49   2              {
  50   3                  while (--k)
  51   3                      ;
  52   3              } while (--j);
  53   2          } while (--i);
  54   1      }
C51 COMPILER V9.59.0.0   DELAY                                                             05/13/2022 15:21:05 PAGE 2   

  55          
  56          
  57          /* 编码器长按计时
  58             Encoder Long Press Timer */
  59          //bit Delay800ms_Long_Press() //@27.000MHz
  60          //{
  61          //    unsigned char i, j, k;
  62          //    _nop_();
  63          //    _nop_();
  64          //    i = 110;
  65          //    j = 148;
  66          //    k = 166;
  67          
  68          //    do
  69          //    {
  70          //        do
  71          //        {
  72          //            /* 编码器松开或转动
  73          //               Encoder released or rotated */
  74          //            if (EC11_KEY || EC11PressAndRotate)
  75          //                return 0;
  76          
  77          //            while (--k)
  78          //                ;
  79          //        } while (--j);
  80          //    } while (--i);
  81          
  82          //    return 1;
  83          //}
  84          
  85          /* 编码器双击计时
  86             Encoder Double Click Timer */
  87          //bit Delay300ms_Double_Click() //@27.000MHz
  88          //{
  89          //    unsigned char i, j, k;
  90          //    EX0 = 0;
  91          //    Delay5ms();
  92          
  93          //    i = 42;
  94          //    j = 24;
  95          //    k = 92;
  96          
  97          //    do
  98          //    {
  99          //        do
 100          //        {
 101          //            /* 编码器被再次按下
 102          //               Encoder pressed again */
 103          //            if (!EC11_KEY)
 104          //            {
 105          //                IE0 = 0;
 106          //                EX0 = 1;
 107          //                return 1;
 108          //            }
 109          
 110          //            while (--k)
 111          //                ;
 112          //        } while (--j);
 113          //    } while (--i);
 114          //    IE0 = 0;
 115          //    EX0 = 1;
 116          //    return 0;
C51 COMPILER V9.59.0.0   DELAY                                                             05/13/2022 15:21:05 PAGE 3   

 117          //}
 118          
 119          void Delay1000ms() //@27.000MHz
 120          {
 121   1          unsigned char i, j, k;
 122   1      
 123   1          _nop_();
 124   1          i = 137;
 125   1          j = 249;
 126   1          k = 145;
 127   1      
 128   1          do
 129   1          {
 130   2              do
 131   2              {
 132   3                  while (--k)
 133   3                      ;
 134   3              } while (--j);
 135   2          } while (--i);
 136   1      }
 137          
 138          void Delay3us() //@27.000MHz
 139          {
 140   1          unsigned char i;
 141   1      
 142   1          i = 25;
 143   1      
 144   1          while (--i)
 145   1              ;
 146   1      }
 147          
 148          //For scaleH 500ms with ADC_SPEED_512 20ms-26us-3us
 149          void Delay19971us() //@27.000MHz
 150          {
 151   1          unsigned char i, j, k;
 152   1      
 153   1          i = 3;
 154   1          j = 189;
 155   1          k = 67;
 156   1      
 157   1          do
 158   1          {
 159   2              do
 160   2              {
 161   3                  while (--k)
 162   3                      ;
 163   3              } while (--j);
 164   2          } while (--i);
 165   1      }
 166          
 167          //For scaleH 200ms with ADC_SPEED_512 8ms-26us-3us
 168          void Delay7971us() //@27.000MHz
 169          {
 170   1          unsigned char i, j, k;
 171   1      
 172   1          _nop_();
 173   1          i = 2;
 174   1          j = 24;
 175   1          k = 124;
 176   1      
 177   1          do
 178   1          {
C51 COMPILER V9.59.0.0   DELAY                                                             05/13/2022 15:21:05 PAGE 4   

 179   2              do
 180   2              {
 181   3                  while (--k)
 182   3                      ;
 183   3              } while (--j);
 184   2          } while (--i);
 185   1      }
 186          
 187          //For scaleH 100ms with ADC_SPEED_512 4ms-26us-3us
 188          void Delay3971us() //@27.000MHz
 189          {
 190   1          unsigned char i, j;
 191   1      
 192   1          _nop_();
 193   1          i = 140;
 194   1          j = 59;
 195   1      
 196   1          do
 197   1          {
 198   2              while (--j)
 199   2                  ;
 200   2          } while (--i);
 201   1      }
 202          
 203          //For scaleH 50ms with ADC_SPEED_512 2ms-26us-3us
 204          void Delay1971us() //@27.000MHz
 205          {
 206   1          unsigned char i, j;
 207   1      
 208   1          i = 70;
 209   1          j = 26;
 210   1      
 211   1          do
 212   1          {
 213   2              while (--j)
 214   2                  ;
 215   2          } while (--i);
 216   1      }
 217          
 218          //For scaleH 20ms with ADC_SPEED_512 800us-26us-3us
 219          void Delay771us() //@27.000MHz
 220          {
 221   1          unsigned char i, j;
 222   1      
 223   1          i = 28;
 224   1          j = 6;
 225   1      
 226   1          do
 227   1          {
 228   2              while (--j)
 229   2                  ;
 230   2          } while (--i);
 231   1      }
 232          
 233          //For scaleH 10ms with ADC_SPEED_512 400us-26us-3us
 234          void Delay371us() //@27.000MHz
 235          {
 236   1          unsigned char i, j;
 237   1      
 238   1          i = 13;
 239   1          j = 0;
 240   1      
C51 COMPILER V9.59.0.0   DELAY                                                             05/13/2022 15:21:05 PAGE 5   

 241   1          do
 242   1          {
 243   2              while (--j)
 244   2                  ;
 245   2          } while (--i);
 246   1      }
 247          
 248          //For scaleH 5ms with ADC_SPEED_512 200us-26us-3us
 249          void Delay171us() //@27.000MHz
 250          {
 251   1          unsigned char i, j;
 252   1      
 253   1          _nop_();
 254   1          _nop_();
 255   1          i = 6;
 256   1          j = 252;
 257   1      
 258   1          do
 259   1          {
 260   2              while (--j)
 261   2                  ;
 262   2          } while (--i);
 263   1      }
 264          
 265          //For scaleH 2ms with ADC_SPEED_512 80us-26us-3us
 266          void Delay51us() //@27.000MHz
 267          {
 268   1          unsigned char i, j;
 269   1      
 270   1          _nop_();
 271   1          i = 2;
 272   1          j = 199;
 273   1      
 274   1          do
 275   1          {
 276   2              while (--j)
 277   2                  ;
 278   2          } while (--i);
 279   1      }
 280          
 281          //For scaleH 1ms with ADC_SPEED_352 40us-19us-3us
 282          void Delay18us() //@27.000MHz
 283          {
 284   1          unsigned char i;
 285   1      
 286   1          i = 160;
 287   1      
 288   1          while (--i)
 289   1              ;
 290   1      }
 291          
 292          //For scaleH 500us with ADC_SPEED_192 20us-11us-3us
 293          void Delay6us() //@27.000MHz
 294          {
 295   1          unsigned char i;
 296   1      
 297   1          i = 44; //微调/Fine tuning 52->44
 298   1      
 299   1          while (--i)
 300   1              ;
 301   1      }

C51 COMPILER V9.59.0.0   DELAY                                                             05/13/2022 15:21:05 PAGE 6   


MODULE INFORMATION:   STATIC OVERLAYABLE
   CODE SIZE        =    138    ----
   CONSTANT SIZE    =   ----    ----
   XDATA SIZE       =   ----    ----
   PDATA SIZE       =   ----    ----
   DATA SIZE        =   ----    ----
   IDATA SIZE       =   ----    ----
   BIT SIZE         =   ----    ----
END OF MODULE INFORMATION.


C51 COMPILATION COMPLETE.  0 WARNING(S),  0 ERROR(S)
